{"D:\\CODE\\REACT\\tech-assign-react-ts\\src\\App.tsx": {"path":"D:\\CODE\\REACT\\tech-assign-react-ts\\src\\App.tsx","statementMap":{"0":{"start":{"line":1,"column":0},"end":{"line":1,"column":18}},"1":{"start":{"line":2,"column":0},"end":{"line":2,"column":70}},"2":{"start":{"line":3,"column":0},"end":{"line":3,"column":67}},"3":{"start":{"line":7,"column":2},"end":{"line":23,"column":4}},"4":{"start":{"line":26,"column":0},"end":{"line":26,"column":19}}},"fnMap":{"0":{"name":"App","decl":{"start":{"line":6,"column":9},"end":{"line":6,"column":12}},"loc":{"start":{"line":6,"column":12},"end":{"line":24,"column":1}}}},"branchMap":{},"s":{"0":1,"1":1,"2":1,"3":1,"4":1},"f":{"0":1},"b":{}}
,"D:\\CODE\\REACT\\tech-assign-react-ts\\src\\components\\number-display\\NumberDisplay.tsx": {"path":"D:\\CODE\\REACT\\tech-assign-react-ts\\src\\components\\number-display\\NumberDisplay.tsx","statementMap":{"0":{"start":{"line":1,"column":0},"end":{"line":1,"column":40}},"1":{"start":{"line":2,"column":0},"end":{"line":2,"column":29}},"2":{"start":{"line":6,"column":30},"end":{"line":6,"column":50}},"3":{"start":{"line":7,"column":40},"end":{"line":7,"column":62}},"4":{"start":{"line":9,"column":29},"end":{"line":20,"column":3}},"5":{"start":{"line":11,"column":16},"end":{"line":11,"column":45}},"6":{"start":{"line":12,"column":4},"end":{"line":12,"column":19}},"7":{"start":{"line":13,"column":24},"end":{"line":13,"column":35}},"8":{"start":{"line":14,"column":4},"end":{"line":19,"column":5}},"9":{"start":{"line":15,"column":32},"end":{"line":17,"column":37}},"10":{"start":{"line":17,"column":27},"end":{"line":17,"column":36}},"11":{"start":{"line":18,"column":6},"end":{"line":18,"column":30}},"12":{"start":{"line":22,"column":2},"end":{"line":51,"column":4}},"13":{"start":{"line":46,"column":48},"end":{"line":46,"column":63}},"14":{"start":{"line":54,"column":0},"end":{"line":54,"column":29}}},"fnMap":{"0":{"name":"NumberDisplay","decl":{"start":{"line":4,"column":9},"end":{"line":4,"column":22}},"loc":{"start":{"line":4,"column":22},"end":{"line":52,"column":1}}},"1":{"name":"(anonymous_1)","decl":{"start":{"line":9,"column":29},"end":{"line":9,"column":30}},"loc":{"start":{"line":9,"column":76},"end":{"line":20,"column":3}}},"2":{"name":"(anonymous_2)","decl":{"start":{"line":17,"column":13},"end":{"line":17,"column":14}},"loc":{"start":{"line":17,"column":27},"end":{"line":17,"column":36}}},"3":{"name":"(anonymous_3)","decl":{"start":{"line":46,"column":39},"end":{"line":46,"column":40}},"loc":{"start":{"line":46,"column":48},"end":{"line":46,"column":63}}}},"branchMap":{"0":{"loc":{"start":{"line":14,"column":4},"end":{"line":19,"column":5}},"type":"if","locations":[{"start":{"line":14,"column":4},"end":{"line":19,"column":5}}]},"1":{"loc":{"start":{"line":46,"column":13},"end":{"line":46,"column":73}},"type":"binary-expr","locations":[{"start":{"line":46,"column":13},"end":{"line":46,"column":19}},{"start":{"line":46,"column":23},"end":{"line":46,"column":73}}]}},"s":{"0":2,"1":2,"2":7,"3":7,"4":7,"5":2,"6":2,"7":2,"8":2,"9":1,"10":5,"11":1,"12":7,"13":5,"14":2},"f":{"0":7,"1":2,"2":5,"3":5},"b":{"0":[1],"1":[7,2]}}
,"D:\\CODE\\REACT\\tech-assign-react-ts\\src\\components\\triangle-area\\TriangleArea.tsx": {"path":"D:\\CODE\\REACT\\tech-assign-react-ts\\src\\components\\triangle-area\\TriangleArea.tsx","statementMap":{"0":{"start":{"line":1,"column":0},"end":{"line":1,"column":51}},"1":{"start":{"line":4,"column":28},"end":{"line":4,"column":48}},"2":{"start":{"line":5,"column":30},"end":{"line":5,"column":50}},"3":{"start":{"line":6,"column":26},"end":{"line":6,"column":46}},"4":{"start":{"line":8,"column":2},"end":{"line":15,"column":null}},"5":{"start":{"line":9,"column":4},"end":{"line":14,"column":5}},"6":{"start":{"line":10,"column":25},"end":{"line":10,"column":38}},"7":{"start":{"line":11,"column":26},"end":{"line":11,"column":40}},"8":{"start":{"line":12,"column":29},"end":{"line":12,"column":72}},"9":{"start":{"line":13,"column":6},"end":{"line":13,"column":30}},"10":{"start":{"line":17,"column":28},"end":{"line":19,"column":3}},"11":{"start":{"line":18,"column":4},"end":{"line":18,"column":33}},"12":{"start":{"line":21,"column":29},"end":{"line":23,"column":3}},"13":{"start":{"line":22,"column":4},"end":{"line":22,"column":34}},"14":{"start":{"line":25,"column":2},"end":{"line":56,"column":4}},"15":{"start":{"line":59,"column":0},"end":{"line":59,"column":28}}},"fnMap":{"0":{"name":"TriangleArea","decl":{"start":{"line":3,"column":9},"end":{"line":3,"column":21}},"loc":{"start":{"line":3,"column":21},"end":{"line":57,"column":1}}},"1":{"name":"(anonymous_1)","decl":{"start":{"line":8,"column":12},"end":{"line":8,"column":15}},"loc":{"start":{"line":8,"column":17},"end":{"line":15,"column":3}}},"2":{"name":"(anonymous_2)","decl":{"start":{"line":17,"column":28},"end":{"line":17,"column":29}},"loc":{"start":{"line":17,"column":75},"end":{"line":19,"column":3}}},"3":{"name":"(anonymous_3)","decl":{"start":{"line":21,"column":29},"end":{"line":21,"column":30}},"loc":{"start":{"line":21,"column":76},"end":{"line":23,"column":3}}}},"branchMap":{"0":{"loc":{"start":{"line":9,"column":4},"end":{"line":14,"column":5}},"type":"if","locations":[{"start":{"line":9,"column":4},"end":{"line":14,"column":5}}]},"1":{"loc":{"start":{"line":9,"column":8},"end":{"line":9,"column":23}},"type":"binary-expr","locations":[{"start":{"line":9,"column":8},"end":{"line":9,"column":13}},{"start":{"line":9,"column":17},"end":{"line":9,"column":23}}]},"2":{"loc":{"start":{"line":50,"column":11},"end":{"line":51,"column":null}},"type":"binary-expr","locations":[{"start":{"line":50,"column":11},"end":{"line":50,"column":16}},{"start":{"line":50,"column":20},"end":{"line":50,"column":26}},{"start":{"line":50,"column":30},"end":{"line":50,"column":34}},{"start":{"line":51,"column":12},"end":{"line":51,"column":54}}]}},"s":{"0":2,"1":7,"2":7,"3":7,"4":7,"5":6,"6":1,"7":1,"8":1,"9":1,"10":7,"11":1,"12":7,"13":1,"14":7,"15":2},"f":{"0":7,"1":6,"2":1,"3":1},"b":{"0":[1],"1":[6,2],"2":[7,3,2,1]}}
}
