TN:
SF:src\App.tsx
FN:6,App
FNF:1
FNH:1
FNDA:1,App
DA:1,1
DA:2,1
DA:3,1
DA:7,1
DA:26,1
LF:5
LH:5
BRF:0
BRH:0
end_of_record
TN:
SF:src\components\number-display\NumberDisplay.tsx
FN:4,NumberDisplay
FN:9,(anonymous_1)
FN:17,(anonymous_2)
FN:46,(anonymous_3)
FNF:4
FNH:4
FNDA:7,NumberDisplay
FNDA:2,(anonymous_1)
FNDA:5,(anonymous_2)
FNDA:5,(anonymous_3)
DA:1,2
DA:2,2
DA:6,7
DA:7,7
DA:9,7
DA:11,2
DA:12,2
DA:13,2
DA:14,2
DA:15,1
DA:17,5
DA:18,1
DA:22,7
DA:46,5
DA:54,2
LF:15
LH:15
BRDA:14,0,0,1
BRDA:46,1,0,7
BRDA:46,1,1,2
BRF:3
BRH:3
end_of_record
TN:
SF:src\components\triangle-area\TriangleArea.tsx
FN:3,TriangleArea
FN:8,(anonymous_1)
FN:17,(anonymous_2)
FN:21,(anonymous_3)
FNF:4
FNH:4
FNDA:7,TriangleArea
FNDA:6,(anonymous_1)
FNDA:1,(anonymous_2)
FNDA:1,(anonymous_3)
DA:1,2
DA:4,7
DA:5,7
DA:6,7
DA:8,7
DA:9,6
DA:10,1
DA:11,1
DA:12,1
DA:13,1
DA:17,7
DA:18,1
DA:21,7
DA:22,1
DA:25,7
DA:59,2
LF:16
LH:16
BRDA:9,0,0,1
BRDA:9,1,0,6
BRDA:9,1,1,2
BRDA:50,2,0,7
BRDA:50,2,1,3
BRDA:50,2,2,2
BRDA:50,2,3,1
BRF:7
BRH:7
end_of_record
